
*** Running vivado
    with args -log WallClock.vds -m64 -product Vivado -mode batch -messageDb vivado.pb -notrace -source WallClock.tcl


****** Vivado v2019.2 (64-bit)
  **** SW Build 2708876 on Wed Nov  6 21:40:23 MST 2019
  **** IP Build 2700528 on Thu Nov  7 00:09:20 MST 2019
    ** Copyright 1986-2019 Xilinx, Inc. All Rights Reserved.

source WallClock.tcl -notrace
Command: synth_design -top WallClock -part xc7a100tcsg324-1
Starting synth_design
Attempting to get a license for feature 'Synthesis' and/or device 'xc7a100t'
INFO: [Common 17-349] Got license for feature 'Synthesis' and/or device 'xc7a100t'
INFO: [Device 21-403] Loading part xc7a100tcsg324-1
INFO: Launching helper process for spawning children vivado processes
INFO: Helper process launched with PID 2056 
---------------------------------------------------------------------------------
Starting RTL Elaboration : Time (s): cpu = 00:00:08 ; elapsed = 00:00:11 . Memory (MB): peak = 809.598 ; gain = 234.598
---------------------------------------------------------------------------------
INFO: [Synth 8-6157] synthesizing module 'WallClock' [C:/Users/Derick Nyende/Documents/EEE4120F - High Performance ES/EEE4120F-Pracs-master/Prac4/Clock.v:5]
INFO: [Synth 8-6157] synthesizing module 'ClockDiv' [C:/Users/Derick Nyende/Documents/GitHub/EEE4120F/Prac_4/Prac_4.srcs/sources_1/new/ClockDiv.v:3]
	Parameter div_val bound to: 49999999 - type: integer 
INFO: [Synth 8-6155] done synthesizing module 'ClockDiv' (1#1) [C:/Users/Derick Nyende/Documents/GitHub/EEE4120F/Prac_4/Prac_4.srcs/sources_1/new/ClockDiv.v:3]
ERROR: [Synth 8-685] variable 'CLK1HZ' should not be used in output port connection [C:/Users/Derick Nyende/Documents/EEE4120F - High Performance ES/EEE4120F-Pracs-master/Prac4/Clock.v:45]
ERROR: [Synth 8-6156] failed synthesizing module 'WallClock' [C:/Users/Derick Nyende/Documents/EEE4120F - High Performance ES/EEE4120F-Pracs-master/Prac4/Clock.v:5]
---------------------------------------------------------------------------------
Finished RTL Elaboration : Time (s): cpu = 00:00:09 ; elapsed = 00:00:13 . Memory (MB): peak = 882.809 ; gain = 307.809
---------------------------------------------------------------------------------
RTL Elaboration failed
INFO: [Common 17-83] Releasing license: Synthesis
6 Infos, 0 Warnings, 0 Critical Warnings and 3 Errors encountered.
synth_design failed
ERROR: [Common 17-69] Command failed: Synthesis failed - please see the console or run log file for details
INFO: [Common 17-206] Exiting Vivado at Tue Apr 21 15:59:22 2020...
