
*** Running vivado
    with args -log top.vds -m64 -product Vivado -mode batch -messageDb vivado.pb -notrace -source top.tcl


****** Vivado v2019.2 (64-bit)
  **** SW Build 2708876 on Wed Nov  6 21:40:23 MST 2019
  **** IP Build 2700528 on Thu Nov  7 00:09:20 MST 2019
    ** Copyright 1986-2019 Xilinx, Inc. All Rights Reserved.

source top.tcl -notrace
create_project: Time (s): cpu = 00:00:01 ; elapsed = 00:00:05 . Memory (MB): peak = 262.258 ; gain = 17.652
Command: synth_design -top top -part xc7a100tcsg324-1
Starting synth_design
Attempting to get a license for feature 'Synthesis' and/or device 'xc7a100t'
INFO: [Common 17-349] Got license for feature 'Synthesis' and/or device 'xc7a100t'
INFO: [Device 21-403] Loading part xc7a100tcsg324-1
INFO: Launching helper process for spawning children vivado processes
INFO: Helper process launched with PID 6280 
---------------------------------------------------------------------------------
Starting RTL Elaboration : Time (s): cpu = 00:00:08 ; elapsed = 00:00:11 . Memory (MB): peak = 819.273 ; gain = 234.066
---------------------------------------------------------------------------------
INFO: [Synth 8-6157] synthesizing module 'top' [C:/Users/Derick Nyende/Documents/GitHub/EEE4120F/Prac_5/Prac_5.srcs/sources_1/imports/Prac5/top.v:3]
INFO: [Synth 8-6157] synthesizing module 'Debounce' [C:/Users/Derick Nyende/Documents/GitHub/EEE4120F/Prac_5/Prac_5.srcs/sources_1/imports/Prac5/Debounce.v:1]
INFO: [Synth 8-6155] done synthesizing module 'Debounce' (1#1) [C:/Users/Derick Nyende/Documents/GitHub/EEE4120F/Prac_5/Prac_5.srcs/sources_1/imports/Prac5/Debounce.v:1]
INFO: [Synth 8-6157] synthesizing module 'blk_mem_gen_0' [C:/Users/Derick Nyende/Documents/GitHub/EEE4120F/Prac_5/Prac_5.runs/synth_1/.Xil/Vivado-6296-Derick/realtime/blk_mem_gen_0_stub.v:6]
INFO: [Synth 8-6155] done synthesizing module 'blk_mem_gen_0' (2#1) [C:/Users/Derick Nyende/Documents/GitHub/EEE4120F/Prac_5/Prac_5.runs/synth_1/.Xil/Vivado-6296-Derick/realtime/blk_mem_gen_0_stub.v:6]
INFO: [Synth 8-6157] synthesizing module 'pwm_module' [C:/Users/Derick Nyende/Documents/GitHub/EEE4120F/Prac_5/Prac_5.srcs/sources_1/imports/Prac5/PWM.v:1]
INFO: [Synth 8-6155] done synthesizing module 'pwm_module' (3#1) [C:/Users/Derick Nyende/Documents/GitHub/EEE4120F/Prac_5/Prac_5.srcs/sources_1/imports/Prac5/PWM.v:1]
WARNING: [Synth 8-6014] Unused sequential element PWM_reg was removed.  [C:/Users/Derick Nyende/Documents/GitHub/EEE4120F/Prac_5/Prac_5.srcs/sources_1/imports/Prac5/top.v:54]
WARNING: [Synth 8-6014] Unused sequential element f_base_reg was removed.  [C:/Users/Derick Nyende/Documents/GitHub/EEE4120F/Prac_5/Prac_5.srcs/sources_1/imports/Prac5/top.v:56]
WARNING: [Synth 8-3848] Net BTNL in module/entity top does not have driver. [C:/Users/Derick Nyende/Documents/GitHub/EEE4120F/Prac_5/Prac_5.srcs/sources_1/imports/Prac5/top.v:15]
INFO: [Synth 8-6155] done synthesizing module 'top' (4#1) [C:/Users/Derick Nyende/Documents/GitHub/EEE4120F/Prac_5/Prac_5.srcs/sources_1/imports/Prac5/top.v:3]
WARNING: [Synth 8-3917] design top has port AUD_SD driven by constant 1
WARNING: [Synth 8-3917] design top has port LED[1] driven by constant 0
WARNING: [Synth 8-3917] design top has port LED[0] driven by constant 0
WARNING: [Synth 8-3331] design top has unconnected port LED[2]
WARNING: [Synth 8-3331] design top has unconnected port sw[7]
WARNING: [Synth 8-3331] design top has unconnected port sw[6]
WARNING: [Synth 8-3331] design top has unconnected port sw[5]
WARNING: [Synth 8-3331] design top has unconnected port sw[4]
WARNING: [Synth 8-3331] design top has unconnected port sw[3]
WARNING: [Synth 8-3331] design top has unconnected port sw[2]
WARNING: [Synth 8-3331] design top has unconnected port sw[1]
WARNING: [Synth 8-3331] design top has unconnected port sw[0]
---------------------------------------------------------------------------------
Finished RTL Elaboration : Time (s): cpu = 00:00:09 ; elapsed = 00:00:14 . Memory (MB): peak = 894.309 ; gain = 309.102
---------------------------------------------------------------------------------

Report Check Netlist: 
+------+------------------+-------+---------+-------+------------------+
|      |Item              |Errors |Warnings |Status |Description       |
+------+------------------+-------+---------+-------+------------------+
|1     |multi_driven_nets |      0|        0|Passed |Multi driven nets |
+------+------------------+-------+---------+-------+------------------+
---------------------------------------------------------------------------------
Start Handling Custom Attributes
---------------------------------------------------------------------------------
---------------------------------------------------------------------------------
Finished Handling Custom Attributes : Time (s): cpu = 00:00:10 ; elapsed = 00:00:15 . Memory (MB): peak = 894.309 ; gain = 309.102
---------------------------------------------------------------------------------
---------------------------------------------------------------------------------
Finished RTL Optimization Phase 1 : Time (s): cpu = 00:00:10 ; elapsed = 00:00:15 . Memory (MB): peak = 894.309 ; gain = 309.102
---------------------------------------------------------------------------------
Netlist sorting complete. Time (s): cpu = 00:00:00 ; elapsed = 00:00:00.002 . Memory (MB): peak = 894.309 ; gain = 0.000
INFO: [Project 1-570] Preparing netlist for logic optimization

Processing XDC Constraints
Initializing timing engine
Parsing XDC File [c:/Users/Derick Nyende/Documents/GitHub/EEE4120F/Prac_5/Prac_5.srcs/sources_1/ip/blk_mem_gen_0/blk_mem_gen_0/blk_mem_gen_0_in_context.xdc] for cell 'myBRAM'
Finished Parsing XDC File [c:/Users/Derick Nyende/Documents/GitHub/EEE4120F/Prac_5/Prac_5.srcs/sources_1/ip/blk_mem_gen_0/blk_mem_gen_0/blk_mem_gen_0_in_context.xdc] for cell 'myBRAM'
Parsing XDC File [C:/Users/Derick Nyende/Documents/GitHub/EEE4120F/Prac_5/Prac_5.srcs/constrs_1/imports/new/constraints.xdc]
WARNING: [Vivado 12-584] No ports matched 'BTNL'. [C:/Users/Derick Nyende/Documents/GitHub/EEE4120F/Prac_5/Prac_5.srcs/constrs_1/imports/new/constraints.xdc:86]
Finished Parsing XDC File [C:/Users/Derick Nyende/Documents/GitHub/EEE4120F/Prac_5/Prac_5.srcs/constrs_1/imports/new/constraints.xdc]
WARNING: [Project 1-498] One or more constraints failed evaluation while reading constraint file [C:/Users/Derick Nyende/Documents/GitHub/EEE4120F/Prac_5/Prac_5.srcs/constrs_1/imports/new/constraints.xdc] and the design contains unresolved black boxes. These constraints will be read post-synthesis (as long as their source constraint file is marked as used_in_implementation) and should be applied correctly then. You should review the constraints listed in the file [.Xil/top_propImpl.xdc] and check the run log file to verify that these constraints were correctly applied.
INFO: [Project 1-236] Implementation specific constraints were found while reading constraint file [C:/Users/Derick Nyende/Documents/GitHub/EEE4120F/Prac_5/Prac_5.srcs/constrs_1/imports/new/constraints.xdc]. These constraints will be ignored for synthesis but will be used in implementation. Impacted constraints are listed in the file [.Xil/top_propImpl.xdc].
Resolution: To avoid this warning, move constraints listed in [.Xil/top_propImpl.xdc] to another XDC file and exclude this new file from synthesis with the used_in_synthesis property (File Properties dialog in GUI) and re-run elaboration/synthesis.
Completed Processing XDC Constraints

Netlist sorting complete. Time (s): cpu = 00:00:00 ; elapsed = 00:00:00.001 . Memory (MB): peak = 984.180 ; gain = 0.000
INFO: [Project 1-111] Unisim Transformation Summary:
No Unisim elements were transformed.

Constraint Validation Runtime : Time (s): cpu = 00:00:00 ; elapsed = 00:00:00.097 . Memory (MB): peak = 984.180 ; gain = 0.000
WARNING: [Timing 38-316] Clock period '20.000' specified during out-of-context synthesis of instance 'myBRAM' at clock pin 'clka' is different from the actual clock period '10.000', this can lead to different synthesis results.
---------------------------------------------------------------------------------
Finished Constraint Validation : Time (s): cpu = 00:00:20 ; elapsed = 00:00:33 . Memory (MB): peak = 991.398 ; gain = 406.191
---------------------------------------------------------------------------------
---------------------------------------------------------------------------------
Start Loading Part and Timing Information
---------------------------------------------------------------------------------
Loading part: xc7a100tcsg324-1
---------------------------------------------------------------------------------
Finished Loading Part and Timing Information : Time (s): cpu = 00:00:20 ; elapsed = 00:00:33 . Memory (MB): peak = 991.398 ; gain = 406.191
---------------------------------------------------------------------------------
---------------------------------------------------------------------------------
Start Applying 'set_property' XDC Constraints
---------------------------------------------------------------------------------
Applied set_property DONT_TOUCH = true for myBRAM. (constraint file  auto generated constraint, line ).
---------------------------------------------------------------------------------
Finished applying 'set_property' XDC Constraints : Time (s): cpu = 00:00:20 ; elapsed = 00:00:34 . Memory (MB): peak = 991.398 ; gain = 406.191
---------------------------------------------------------------------------------
---------------------------------------------------------------------------------
Finished RTL Optimization Phase 2 : Time (s): cpu = 00:00:20 ; elapsed = 00:00:34 . Memory (MB): peak = 991.398 ; gain = 406.191
---------------------------------------------------------------------------------

Report RTL Partitions: 
+-+--------------+------------+----------+
| |RTL Partition |Replication |Instances |
+-+--------------+------------+----------+
+-+--------------+------------+----------+
---------------------------------------------------------------------------------
Start RTL Component Statistics 
---------------------------------------------------------------------------------
Detailed RTL Component Info : 
+---Adders : 
	   2 Input     11 Bit       Adders := 1     
	   2 Input      8 Bit       Adders := 1     
+---Registers : 
	               11 Bit    Registers := 2     
	                8 Bit    Registers := 1     
	                1 Bit    Registers := 3     
---------------------------------------------------------------------------------
Finished RTL Component Statistics 
---------------------------------------------------------------------------------
---------------------------------------------------------------------------------
Start RTL Hierarchical Component Statistics 
---------------------------------------------------------------------------------
Hierarchical RTL Component report 
Module top 
Detailed RTL Component Info : 
+---Adders : 
	   2 Input      8 Bit       Adders := 1     
+---Registers : 
	                8 Bit    Registers := 1     
Module Debounce 
Detailed RTL Component Info : 
+---Registers : 
	                1 Bit    Registers := 2     
Module pwm_module 
Detailed RTL Component Info : 
+---Adders : 
	   2 Input     11 Bit       Adders := 1     
+---Registers : 
	               11 Bit    Registers := 2     
	                1 Bit    Registers := 1     
---------------------------------------------------------------------------------
Finished RTL Hierarchical Component Statistics
---------------------------------------------------------------------------------
---------------------------------------------------------------------------------
Start Part Resource Summary
---------------------------------------------------------------------------------
Part Resources:
DSPs: 240 (col length:80)
BRAMs: 270 (col length: RAMB18 80 RAMB36 40)
---------------------------------------------------------------------------------
Finished Part Resource Summary
---------------------------------------------------------------------------------
---------------------------------------------------------------------------------
Start Cross Boundary and Area Optimization
---------------------------------------------------------------------------------
Warning: Parallel synthesis criteria is not met 
WARNING: [Synth 8-3917] design top has port AUD_SD driven by constant 1
WARNING: [Synth 8-3917] design top has port LED[1] driven by constant 0
WARNING: [Synth 8-3917] design top has port LED[0] driven by constant 0
WARNING: [Synth 8-3331] design top has unconnected port LED[2]
WARNING: [Synth 8-3331] design top has unconnected port sw[7]
WARNING: [Synth 8-3331] design top has unconnected port sw[6]
WARNING: [Synth 8-3331] design top has unconnected port sw[5]
WARNING: [Synth 8-3331] design top has unconnected port sw[4]
WARNING: [Synth 8-3331] design top has unconnected port sw[3]
WARNING: [Synth 8-3331] design top has unconnected port sw[2]
WARNING: [Synth 8-3331] design top has unconnected port sw[1]
WARNING: [Synth 8-3331] design top has unconnected port sw[0]
---------------------------------------------------------------------------------
Finished Cross Boundary and Area Optimization : Time (s): cpu = 00:00:23 ; elapsed = 00:00:38 . Memory (MB): peak = 991.398 ; gain = 406.191
---------------------------------------------------------------------------------

Report RTL Partitions: 
+-+--------------+------------+----------+
| |RTL Partition |Replication |Instances |
+-+--------------+------------+----------+
+-+--------------+------------+----------+
---------------------------------------------------------------------------------
Start Applying XDC Timing Constraints
---------------------------------------------------------------------------------
---------------------------------------------------------------------------------
Finished Applying XDC Timing Constraints : Time (s): cpu = 00:00:34 ; elapsed = 00:00:50 . Memory (MB): peak = 991.398 ; gain = 406.191
---------------------------------------------------------------------------------
---------------------------------------------------------------------------------
Start Timing Optimization
---------------------------------------------------------------------------------
---------------------------------------------------------------------------------
Finished Timing Optimization : Time (s): cpu = 00:00:34 ; elapsed = 00:00:51 . Memory (MB): peak = 991.398 ; gain = 406.191
---------------------------------------------------------------------------------

Report RTL Partitions: 
+-+--------------+------------+----------+
| |RTL Partition |Replication |Instances |
+-+--------------+------------+----------+
+-+--------------+------------+----------+
---------------------------------------------------------------------------------
Start Technology Mapping
---------------------------------------------------------------------------------
---------------------------------------------------------------------------------
Finished Technology Mapping : Time (s): cpu = 00:00:34 ; elapsed = 00:00:51 . Memory (MB): peak = 991.398 ; gain = 406.191
---------------------------------------------------------------------------------

Report RTL Partitions: 
+-+--------------+------------+----------+
| |RTL Partition |Replication |Instances |
+-+--------------+------------+----------+
+-+--------------+------------+----------+
---------------------------------------------------------------------------------
Start IO Insertion
---------------------------------------------------------------------------------
---------------------------------------------------------------------------------
Start Flattening Before IO Insertion
---------------------------------------------------------------------------------
---------------------------------------------------------------------------------
Finished Flattening Before IO Insertion
---------------------------------------------------------------------------------
---------------------------------------------------------------------------------
Start Final Netlist Cleanup
---------------------------------------------------------------------------------
---------------------------------------------------------------------------------
Finished Final Netlist Cleanup
---------------------------------------------------------------------------------
---------------------------------------------------------------------------------
Finished IO Insertion : Time (s): cpu = 00:00:43 ; elapsed = 00:01:00 . Memory (MB): peak = 997.918 ; gain = 412.711
---------------------------------------------------------------------------------
---------------------------------------------------------------------------------
Start Renaming Generated Instances
---------------------------------------------------------------------------------
---------------------------------------------------------------------------------
Finished Renaming Generated Instances : Time (s): cpu = 00:00:43 ; elapsed = 00:01:00 . Memory (MB): peak = 997.918 ; gain = 412.711
---------------------------------------------------------------------------------

Report RTL Partitions: 
+-+--------------+------------+----------+
| |RTL Partition |Replication |Instances |
+-+--------------+------------+----------+
+-+--------------+------------+----------+

Report Check Netlist: 
+------+------------------+-------+---------+-------+------------------+
|      |Item              |Errors |Warnings |Status |Description       |
+------+------------------+-------+---------+-------+------------------+
|1     |multi_driven_nets |      0|        0|Passed |Multi driven nets |
+------+------------------+-------+---------+-------+------------------+
---------------------------------------------------------------------------------
Start Rebuilding User Hierarchy
---------------------------------------------------------------------------------
---------------------------------------------------------------------------------
Finished Rebuilding User Hierarchy : Time (s): cpu = 00:00:43 ; elapsed = 00:01:00 . Memory (MB): peak = 997.918 ; gain = 412.711
---------------------------------------------------------------------------------
---------------------------------------------------------------------------------
Start Renaming Generated Ports
---------------------------------------------------------------------------------
---------------------------------------------------------------------------------
Finished Renaming Generated Ports : Time (s): cpu = 00:00:43 ; elapsed = 00:01:00 . Memory (MB): peak = 997.918 ; gain = 412.711
---------------------------------------------------------------------------------
---------------------------------------------------------------------------------
Start Handling Custom Attributes
---------------------------------------------------------------------------------
---------------------------------------------------------------------------------
Finished Handling Custom Attributes : Time (s): cpu = 00:00:43 ; elapsed = 00:01:00 . Memory (MB): peak = 997.918 ; gain = 412.711
---------------------------------------------------------------------------------
---------------------------------------------------------------------------------
Start Renaming Generated Nets
---------------------------------------------------------------------------------
---------------------------------------------------------------------------------
Finished Renaming Generated Nets : Time (s): cpu = 00:00:43 ; elapsed = 00:01:00 . Memory (MB): peak = 997.918 ; gain = 412.711
---------------------------------------------------------------------------------
---------------------------------------------------------------------------------
Start Writing Synthesis Report
---------------------------------------------------------------------------------

Report BlackBoxes: 
+------+--------------+----------+
|      |BlackBox name |Instances |
+------+--------------+----------+
|1     |blk_mem_gen_0 |         1|
+------+--------------+----------+

Report Cell Usage: 
+------+--------------+------+
|      |Cell          |Count |
+------+--------------+------+
|1     |blk_mem_gen_0 |     1|
|2     |BUFG          |     1|
|3     |CARRY4        |     6|
|4     |LUT1          |     3|
|5     |LUT2          |     6|
|6     |LUT3          |     4|
|7     |LUT4          |    14|
|8     |LUT5          |     3|
|9     |LUT6          |    10|
|10    |FDRE          |    44|
|11    |IBUF          |     1|
|12    |OBUF          |     4|
|13    |OBUFT         |     1|
+------+--------------+------+

Report Instance Areas: 
+------+---------+-----------+------+
|      |Instance |Module     |Cells |
+------+---------+-----------+------+
|1     |top      |           |   108|
|2     |  myPWM  |pwm_module |    52|
+------+---------+-----------+------+
---------------------------------------------------------------------------------
Finished Writing Synthesis Report : Time (s): cpu = 00:00:43 ; elapsed = 00:01:00 . Memory (MB): peak = 997.918 ; gain = 412.711
---------------------------------------------------------------------------------
Synthesis finished with 0 errors, 0 critical warnings and 12 warnings.
Synthesis Optimization Runtime : Time (s): cpu = 00:00:30 ; elapsed = 00:00:50 . Memory (MB): peak = 997.918 ; gain = 315.621
Synthesis Optimization Complete : Time (s): cpu = 00:00:43 ; elapsed = 00:01:00 . Memory (MB): peak = 997.918 ; gain = 412.711
INFO: [Project 1-571] Translating synthesized netlist
Netlist sorting complete. Time (s): cpu = 00:00:00 ; elapsed = 00:00:00.001 . Memory (MB): peak = 1008.984 ; gain = 0.000
INFO: [Netlist 29-17] Analyzing 6 Unisim elements for replacement
INFO: [Netlist 29-28] Unisim Transformation completed in 1 CPU seconds
INFO: [Project 1-570] Preparing netlist for logic optimization
INFO: [Opt 31-138] Pushed 0 inverter(s) to 0 load pin(s).
Netlist sorting complete. Time (s): cpu = 00:00:00 ; elapsed = 00:00:00 . Memory (MB): peak = 1014.176 ; gain = 0.000
INFO: [Project 1-111] Unisim Transformation Summary:
No Unisim elements were transformed.

INFO: [Common 17-83] Releasing license: Synthesis
20 Infos, 30 Warnings, 0 Critical Warnings and 0 Errors encountered.
synth_design completed successfully
synth_design: Time (s): cpu = 00:00:51 ; elapsed = 00:01:23 . Memory (MB): peak = 1014.176 ; gain = 719.844
Netlist sorting complete. Time (s): cpu = 00:00:00 ; elapsed = 00:00:00 . Memory (MB): peak = 1014.176 ; gain = 0.000
WARNING: [Constraints 18-5210] No constraints selected for write.
Resolution: This message can indicate that there are no constraints for the design, or it can indicate that the used_in flags are set such that the constraints are ignored. This later case is used when running synth_design to not write synthesis constraints to the resulting checkpoint. Instead, project constraints are read when the synthesized design is opened.
INFO: [Common 17-1381] The checkpoint 'C:/Users/Derick Nyende/Documents/GitHub/EEE4120F/Prac_5/Prac_5.runs/synth_1/top.dcp' has been generated.
INFO: [runtcl-4] Executing : report_utilization -file top_utilization_synth.rpt -pb top_utilization_synth.pb
INFO: [Common 17-206] Exiting Vivado at Wed May 13 15:41:27 2020...
