#-----------------------------------------------------------
# Vivado v2019.2 (64-bit)
# SW Build 2708876 on Wed Nov  6 21:40:23 MST 2019
# IP Build 2700528 on Thu Nov  7 00:09:20 MST 2019
# Start of session at: Sun May 17 23:45:17 2020
# Process ID: 13120
# Current directory: C:/Users/kaibr/Desktop/Kais_Files/UCT/EEE4120F/Prac_5/QuarterSine Implementation/Prac_5
# Command line: vivado.exe -gui_launcher_event rodinguilauncherevent6876 C:\Users\kaibr\Desktop\Kais_Files\UCT\EEE4120F\Prac_5\QuarterSine Implementation\Prac_5\Prac_5.xpr
# Log file: C:/Users/kaibr/Desktop/Kais_Files/UCT/EEE4120F/Prac_5/QuarterSine Implementation/Prac_5/vivado.log
# Journal file: C:/Users/kaibr/Desktop/Kais_Files/UCT/EEE4120F/Prac_5/QuarterSine Implementation/Prac_5\vivado.jou
#-----------------------------------------------------------
start_gui
open_project {C:/Users/kaibr/Desktop/Kais_Files/UCT/EEE4120F/Prac_5/QuarterSine Implementation/Prac_5/Prac_5.xpr}
INFO: [ProjectBase 1-489] The host OS only allows 260 characters in a normal path. The project is stored in a path with more than 80 characters. If you experience issues with IP, Block Designs, or files not being found, please consider moving the project to a location with a shorter path. Alternately consider using the OS subst command to map part of the path to a drive letter.
Current project path is 'C:/Users/kaibr/Desktop/Kais_Files/UCT/EEE4120F/Prac_5/QuarterSine Implementation/Prac_5'
Scanning sources...
Finished scanning sources
INFO: [IP_Flow 19-234] Refreshing IP repositories
INFO: [IP_Flow 19-1704] No user IP repositories specified
INFO: [IP_Flow 19-2313] Loaded Vivado IP repository 'C:/Xilinx/Vivado/2019.2/data/ip'.
open_project: Time (s): cpu = 00:00:21 ; elapsed = 00:00:09 . Memory (MB): peak = 741.918 ; gain = 109.641
update_compile_order -fileset sources_1
exit
INFO: [Common 17-206] Exiting Vivado at Sun May 17 23:48:53 2020...
